This is pdfTeX, Version 3.14159265-2.6-1.40.15 (TeX Live 2014) (preloaded format=pdflatex 2014.5.25)  17 MAY 2015 19:44
entering extended mode
 restricted \write18 enabled.
 file:line:error style messages enabled.
 %&-line parsing enabled.
**group31_sheet4_1_and_2_written_part.tex
(./group31_sheet4_1_and_2_written_part.tex
LaTeX2e <2014/05/01>
Babel <3.9k> and hyphenation patterns for 78 languages loaded.
(./image-gallery.cls
Document Class: image-gallery 2007/10/04 v1.0j image gallery -- RN
(/usr/local/texlive/2014/texmf-dist/tex/latex/base/article.cls
Document Class: article 2007/10/19 v1.4h Standard LaTeX document class
(/usr/local/texlive/2014/texmf-dist/tex/latex/base/size10.clo
File: size10.clo 2007/10/19 v1.4h Standard LaTeX file (size option)
)
\c@part=\count79
\c@section=\count80
\c@subsection=\count81
\c@subsubsection=\count82
\c@paragraph=\count83
\c@subparagraph=\count84
\c@figure=\count85
\c@table=\count86
\abovecaptionskip=\skip41
\belowcaptionskip=\skip42
\bibindent=\dimen102
)
(/usr/local/texlive/2014/texmf-dist/tex/latex/graphics/graphicx.sty
Package: graphicx 2014/04/25 v1.0g Enhanced LaTeX Graphics (DPC,SPQR)

(/usr/local/texlive/2014/texmf-dist/tex/latex/graphics/keyval.sty
Package: keyval 2014/05/08 v1.15 key=value parser (DPC)
\KV@toks@=\toks14
)
(/usr/local/texlive/2014/texmf-dist/tex/latex/graphics/graphics.sty
Package: graphics 2009/02/05 v1.0o Standard LaTeX Graphics (DPC,SPQR)

(/usr/local/texlive/2014/texmf-dist/tex/latex/graphics/trig.sty
Package: trig 1999/03/16 v1.09 sin cos tan (DPC)
)
(/usr/local/texlive/2014/texmf-dist/tex/latex/latexconfig/graphics.cfg
File: graphics.cfg 2010/04/23 v1.9 graphics configuration of TeX Live
)
Package graphics Info: Driver file: pdftex.def on input line 91.

(/usr/local/texlive/2014/texmf-dist/tex/latex/pdftex-def/pdftex.def
File: pdftex.def 2011/05/27 v0.06d Graphics/color for pdfTeX

(/usr/local/texlive/2014/texmf-dist/tex/generic/oberdiek/infwarerr.sty
Package: infwarerr 2010/04/08 v1.3 Providing info/warning/error messages (HO)
)
(/usr/local/texlive/2014/texmf-dist/tex/generic/oberdiek/ltxcmds.sty
Package: ltxcmds 2011/11/09 v1.22 LaTeX kernel commands for general use (HO)
)
\Gread@gobject=\count87
))
\Gin@req@height=\dimen103
\Gin@req@width=\dimen104
)
(/usr/local/texlive/2014/texmf-dist/tex/latex/url/url.sty
\Urlmuskip=\muskip10
Package: url 2013/09/16  ver 3.4  Verb mode for urls, etc.
)
(/usr/local/texlive/2014/texmf-dist/tex/latex/geometry/geometry.sty
Package: geometry 2010/09/12 v5.6 Page Geometry

(/usr/local/texlive/2014/texmf-dist/tex/generic/oberdiek/ifpdf.sty
Package: ifpdf 2011/01/30 v2.3 Provides the ifpdf switch (HO)
Package ifpdf Info: pdfTeX in PDF mode is detected.
)
(/usr/local/texlive/2014/texmf-dist/tex/generic/oberdiek/ifvtex.sty
Package: ifvtex 2010/03/01 v1.5 Detect VTeX and its facilities (HO)
Package ifvtex Info: VTeX not detected.
)
(/usr/local/texlive/2014/texmf-dist/tex/generic/ifxetex/ifxetex.sty
Package: ifxetex 2010/09/12 v0.6 Provides ifxetex conditional
)
\Gm@cnth=\count88
\Gm@cntv=\count89
\c@Gm@tempcnt=\count90
\Gm@bindingoffset=\dimen105
\Gm@wd@mp=\dimen106
\Gm@odd@mp=\dimen107
\Gm@even@mp=\dimen108
\Gm@layoutwidth=\dimen109
\Gm@layoutheight=\dimen110
\Gm@layouthoffset=\dimen111
\Gm@layoutvoffset=\dimen112
\Gm@dimlist=\toks15
)
\IG@width=\skip43
\IG@height=\skip44
\IG@top=\skip45
\IG@bottom=\skip46
\IG@left=\skip47
\IG@right=\skip48
\IG@input=\read1
\IG@box=\box26
)
(./group31_sheet4_1_and_2_written_part.aux)
\openout1 = `group31_sheet4_1_and_2_written_part.aux'.

LaTeX Font Info:    Checking defaults for OML/cmm/m/it on input line 10.
LaTeX Font Info:    ... okay on input line 10.
LaTeX Font Info:    Checking defaults for T1/cmr/m/n on input line 10.
LaTeX Font Info:    ... okay on input line 10.
LaTeX Font Info:    Checking defaults for OT1/cmr/m/n on input line 10.
LaTeX Font Info:    ... okay on input line 10.
LaTeX Font Info:    Checking defaults for OMS/cmsy/m/n on input line 10.
LaTeX Font Info:    ... okay on input line 10.
LaTeX Font Info:    Checking defaults for OMX/cmex/m/n on input line 10.
LaTeX Font Info:    ... okay on input line 10.
LaTeX Font Info:    Checking defaults for U/cmr/m/n on input line 10.
LaTeX Font Info:    ... okay on input line 10.

(/usr/local/texlive/2014/texmf-dist/tex/context/base/supp-pdf.mkii
[Loading MPS to PDF converter (version 2006.09.02).]
\scratchcounter=\count91
\scratchdimen=\dimen113
\scratchbox=\box27
\nofMPsegments=\count92
\nofMParguments=\count93
\everyMPshowfont=\toks16
\MPscratchCnt=\count94
\MPscratchDim=\dimen114
\MPnumerator=\count95
\makeMPintoPDFobject=\count96
\everyMPtoPDFconversion=\toks17
) (/usr/local/texlive/2014/texmf-dist/tex/generic/oberdiek/pdftexcmds.sty
Package: pdftexcmds 2011/11/29 v0.20 Utility functions of pdfTeX for LuaTeX (HO
)

(/usr/local/texlive/2014/texmf-dist/tex/generic/oberdiek/ifluatex.sty
Package: ifluatex 2010/03/01 v1.3 Provides the ifluatex switch (HO)
Package ifluatex Info: LuaTeX not detected.
)
Package pdftexcmds Info: LuaTeX not detected.
Package pdftexcmds Info: \pdf@primitive is available.
Package pdftexcmds Info: \pdf@ifprimitive is available.
Package pdftexcmds Info: \pdfdraftmode found.
)
(/usr/local/texlive/2014/texmf-dist/tex/latex/oberdiek/epstopdf-base.sty
Package: epstopdf-base 2010/02/09 v2.5 Base part for package epstopdf

(/usr/local/texlive/2014/texmf-dist/tex/latex/oberdiek/grfext.sty
Package: grfext 2010/08/19 v1.1 Manage graphics extensions (HO)

(/usr/local/texlive/2014/texmf-dist/tex/generic/oberdiek/kvdefinekeys.sty
Package: kvdefinekeys 2011/04/07 v1.3 Define keys (HO)
))
(/usr/local/texlive/2014/texmf-dist/tex/latex/oberdiek/kvoptions.sty
Package: kvoptions 2011/06/30 v3.11 Key value format for package options (HO)

(/usr/local/texlive/2014/texmf-dist/tex/generic/oberdiek/kvsetkeys.sty
Package: kvsetkeys 2012/04/25 v1.16 Key value parser (HO)

(/usr/local/texlive/2014/texmf-dist/tex/generic/oberdiek/etexcmds.sty
Package: etexcmds 2011/02/16 v1.5 Avoid name clashes with e-TeX commands (HO)
Package etexcmds Info: Could not find \expanded.
(etexcmds)             That can mean that you are not using pdfTeX 1.50 or
(etexcmds)             that some package has redefined \expanded.
(etexcmds)             In the latter case, load this package earlier.
)))
Package grfext Info: Graphics extension search list:
(grfext)             [.png,.pdf,.jpg,.mps,.jpeg,.jbig2,.jb2,.PNG,.PDF,.JPG,.JPE
G,.JBIG2,.JB2,.eps]
(grfext)             \AppendGraphicsExtensions on input line 452.

(/usr/local/texlive/2014/texmf-dist/tex/latex/latexconfig/epstopdf-sys.cfg
File: epstopdf-sys.cfg 2010/07/13 v1.3 Configuration of (r)epstopdf for TeX Liv
e
))
*geometry* detected driver: dvips
*geometry* verbose mode - [ preamble ] result:
* driver: dvips
* paper: a4paper
* layout: <same size as paper>
* layoutoffset:(h,v)=(0.0pt,0.0pt)
* modes: 
* h-part:(L,W,R)=(56.9055pt, 483.69687pt, 56.9055pt)
* v-part:(T,H,B)=(56.9055pt, 731.23584pt, 56.9055pt)
* \paperwidth=597.50787pt
* \paperheight=845.04684pt
* \textwidth=483.69687pt
* \textheight=731.23584pt
* \oddsidemargin=-15.36449pt
* \evensidemargin=-15.36449pt
* \topmargin=-52.36449pt
* \headheight=12.0pt
* \headsep=25.0pt
* \topskip=10.0pt
* \footskip=30.0pt
* \marginparwidth=57.0pt
* \marginparsep=11.0pt
* \columnsep=10.0pt
* \skip\footins=9.0pt plus 4.0pt minus 2.0pt
* \hoffset=0.0pt
* \voffset=0.0pt
* \mag=1000
* \@twocolumnfalse
* \@twosidefalse
* \@mparswitchfalse
* \@reversemarginfalse
* (1in=72.27pt=25.4mm, 1cm=28.453pt)

<sing8.png, id=1, 286.1892pt x 191.7564pt>
File: sing8.png Graphic file (type png)
 <use sing8.png>
Package pdftex.def Info: sing8.png used on input line 22.
(pdftex.def)             Requested size: 142.26016pt x 95.31909pt.
LaTeX Font Info:    External font `cmex10' loaded for size
(Font)              <8> on input line 22.
LaTeX Font Info:    External font `cmex10' loaded for size
(Font)              <6> on input line 22.
LaTeX Font Info:    External font `cmex10' loaded for size
(Font)              <5> on input line 22.

<sing16.png, id=3, 286.671pt x 192.2382pt>
File: sing16.png Graphic file (type png)
 <use sing16.png>
Package pdftex.def Info: sing16.png used on input line 22.
(pdftex.def)             Requested size: 142.26782pt x 95.40312pt.

<sing64.png, id=4, 261.6174pt x 176.3388pt>
File: sing64.png Graphic file (type png)
 <use sing64.png>
Package pdftex.def Info: sing64.png used on input line 22.
(pdftex.def)             Requested size: 142.26527pt x 95.89151pt.

<comp8.png, id=5, 287.6346pt x 193.6836pt>
File: comp8.png Graphic file (type png)
 <use comp8.png>
Package pdftex.def Info: comp8.png used on input line 22.
(pdftex.def)             Requested size: 142.26764pt x 95.7983pt.

<comp16.png, id=6, 285.7074pt x 192.2382pt>
File: comp16.png Graphic file (type png)
 <use comp16.png>
Package pdftex.def Info: comp16.png used on input line 22.
(pdftex.def)             Requested size: 142.2648pt x 95.72285pt.

<comp64.png, id=7, 262.0992pt x 176.8206pt>
File: comp64.png Graphic file (type png)
 <use comp64.png>
Package pdftex.def Info: comp64.png used on input line 22.
(pdftex.def)             Requested size: 142.26332pt x 95.97543pt.

<avrg8.png, id=8, 287.1528pt x 191.7564pt>
File: avrg8.png Graphic file (type png)
 <use avrg8.png>
Package pdftex.def Info: avrg8.png used on input line 22.
(pdftex.def)             Requested size: 142.26595pt x 95.00308pt.

<avrg16.png, id=9, 286.671pt x 193.2018pt>
File: avrg16.png Graphic file (type png)
 <use avrg16.png>
Package pdftex.def Info: avrg16.png used on input line 22.
(pdftex.def)             Requested size: 142.26782pt x 95.88133pt.

<avrg64.png, id=10, 261.6174pt x 176.8206pt>
File: avrg64.png Graphic file (type png)
 <use avrg64.png>
Package pdftex.def Info: avrg64.png used on input line 22.
(pdftex.def)             Requested size: 142.26527pt x 96.1535pt.

<centr8.png, id=11, 286.1892pt x 193.6836pt>
File: centr8.png Graphic file (type png)
 <use centr8.png>
Package pdftex.def Info: centr8.png used on input line 22.
(pdftex.def)             Requested size: 142.26016pt x 96.27707pt.

<centr16.png, id=12, 286.671pt x 193.2018pt>
File: centr16.png Graphic file (type png)
 <use centr16.png>
Package pdftex.def Info: centr16.png used on input line 22.
(pdftex.def)             Requested size: 142.26782pt x 95.88133pt.

<centr64.png, id=13, 262.0992pt x 177.3024pt>
File: centr64.png Graphic file (type png)
 <use centr64.png>
Package pdftex.def Info: centr64.png used on input line 22.
(pdftex.def)             Requested size: 142.26332pt x 96.23694pt.

<kmeans8.png, id=14, 287.6346pt x 192.72pt>
File: kmeans8.png Graphic file (type png)
 <use kmeans8.png>
Package pdftex.def Info: kmeans8.png used on input line 22.
(pdftex.def)             Requested size: 142.26764pt x 95.3217pt.

<kmeans16.png, id=15, 286.1892pt x 193.6836pt>
File: kmeans16.png Graphic file (type png)
 <use kmeans16.png>
Package pdftex.def Info: kmeans16.png used on input line 22.
(pdftex.def)             Requested size: 142.26016pt x 96.27707pt.

<kmeans64.png, id=16, 285.7074pt x 193.6836pt>
File: kmeans64.png Graphic file (type png)
 <use kmeans64.png>
Package pdftex.def Info: kmeans64.png used on input line 22.
(pdftex.def)             Requested size: 142.2648pt x 96.44257pt.

<parrot.jpg, id=17, 128.48pt x 86.3225pt>
File: parrot.jpg Graphic file (type jpg)
 <use parrot.jpg>
Package pdftex.def Info: parrot.jpg used on input line 22.
(pdftex.def)             Requested size: 142.27531pt x 95.5912pt.

<parrot_med.png, id=18, 1027.84pt x 685.56125pt>
File: parrot_med.png Graphic file (type png)
 <use parrot_med.png>
Package pdftex.def Info: parrot_med.png used on input line 22.
(pdftex.def)             Requested size: 142.24985pt x 94.87953pt.

<parrot_big.png, id=19, 2055.68pt x 1370.11874pt>
File: parrot_big.png Graphic file (type png)
 <use parrot_big.png>
Package pdftex.def Info: parrot_big.png used on input line 22.
(pdftex.def)             Requested size: 142.24985pt x 94.81007pt.
 [1
Non-PDF special ignored!

{/usr/local/texlive/2014/texmf-var/fonts/map/pdftex/updmap/pdftex.map} <./sing8
.png> <./sing16.png> <./sing64.png> <./comp8.png> <./comp16.png> <./comp64.png>
 <./avrg8.png> <./avrg16.png> <./avrg64.png> <./centr8.png> <./centr16.png> <./
centr64.png> <./kmeans8.png> <./kmeans16.png> <./kmeans64.png> <./parrot.jpg> <
./parrot_med.png> <./parrot_big.png>]
LaTeX Font Info:    Try loading font information for OMS+cmr on input line 27.

(/usr/local/texlive/2014/texmf-dist/tex/latex/base/omscmr.fd
File: omscmr.fd 1999/05/25 v2.5h Standard LaTeX font definitions
)
LaTeX Font Info:    Font shape `OMS/cmr/m/n' in size <10> not available
(Font)              Font shape `OMS/cmsy/m/n' tried instead on input line 27.
 [2
\@writefile{toc}{\contentsline {section}{\numberline {1}Exercise}{2}}
\@writefile{toc}{\contentsline {section}{\numberline {2}Exercise}{2}}
] (./group31_sheet4_1_and_2_written_part.aux) ) 
Here is how much of TeX's memory you used:
 2186 strings out of 493117
 31669 string characters out of 6135433
 96338 words of memory out of 5000000
 5619 multiletter control sequences out of 15000+600000
 6750 words of font info for 25 fonts, out of 8000000 for 9000
 1141 hyphenation exceptions out of 8191
 38i,5n,34p,1316b,256s stack positions out of 5000i,500n,10000p,200000b,80000s
</usr/local/texlive/2014/texmf-d
ist/fonts/type1/public/amsfonts/cm/cmbx12.pfb></usr/local/texlive/2014/texmf-di
st/fonts/type1/public/amsfonts/cm/cmr10.pfb></usr/local/texlive/2014/texmf-dist
/fonts/type1/public/amsfonts/cm/cmsy10.pfb></usr/local/texlive/2014/texmf-dist/
fonts/type1/public/amsfonts/cm/cmti10.pfb></usr/local/texlive/2014/texmf-dist/f
onts/type1/public/amsfonts/cm/cmtt8.pfb>
Output written on group31_sheet4_1_and_2_written_part.pdf (2 pages, 3784132 byt
es).
PDF statistics:
 65 PDF objects out of 1000 (max. 8388607)
 22 compressed objects within 1 object stream
 0 named destinations out of 1000 (max. 500000)
 91 words of extra memory for PDF output out of 10000 (max. 10000000)

